-Xajruntimetarget:1.5
-1.8
-encoding
UTF-8
-outxml
-source
1.8
-target
1.8
-classpath
/home/johann/.m2/repository/org/springframework/boot/spring-boot-starter-web/3.2.3/spring-boot-starter-web-3.2.3.jar:/home/johann/.m2/repository/org/springframework/boot/spring-boot-starter/3.2.3/spring-boot-starter-3.2.3.jar:/home/johann/.m2/repository/org/springframework/boot/spring-boot-starter-logging/3.2.3/spring-boot-starter-logging-3.2.3.jar:/home/johann/.m2/repository/ch/qos/logback/logback-classic/1.4.14/logback-classic-1.4.14.jar:/home/johann/.m2/repository/ch/qos/logback/logback-core/1.4.14/logback-core-1.4.14.jar:/home/johann/.m2/repository/org/apache/logging/log4j/log4j-to-slf4j/2.21.1/log4j-to-slf4j-2.21.1.jar:/home/johann/.m2/repository/org/apache/logging/log4j/log4j-api/2.21.1/log4j-api-2.21.1.jar:/home/johann/.m2/repository/org/slf4j/jul-to-slf4j/2.0.12/jul-to-slf4j-2.0.12.jar:/home/johann/.m2/repository/org/yaml/snakeyaml/2.2/snakeyaml-2.2.jar:/home/johann/.m2/repository/org/springframework/boot/spring-boot-starter-json/3.2.3/spring-boot-starter-json-3.2.3.jar:/home/johann/.m2/repository/com/fasterxml/jackson/datatype/jackson-datatype-jdk8/2.15.4/jackson-datatype-jdk8-2.15.4.jar:/home/johann/.m2/repository/com/fasterxml/jackson/datatype/jackson-datatype-jsr310/2.15.4/jackson-datatype-jsr310-2.15.4.jar:/home/johann/.m2/repository/com/fasterxml/jackson/module/jackson-module-parameter-names/2.15.4/jackson-module-parameter-names-2.15.4.jar:/home/johann/.m2/repository/org/springframework/spring-web/6.1.4/spring-web-6.1.4.jar:/home/johann/.m2/repository/io/micrometer/micrometer-observation/1.12.3/micrometer-observation-1.12.3.jar:/home/johann/.m2/repository/io/micrometer/micrometer-commons/1.12.3/micrometer-commons-1.12.3.jar:/home/johann/.m2/repository/org/springframework/spring-webmvc/6.1.4/spring-webmvc-6.1.4.jar:/home/johann/.m2/repository/org/springframework/spring-context/6.1.4/spring-context-6.1.4.jar:/home/johann/.m2/repository/org/springframework/spring-expression/6.1.4/spring-expression-6.1.4.jar:/home/johann/.m2/repository/org/springframework/boot/spring-boot-starter-validation/3.2.3/spring-boot-starter-validation-3.2.3.jar:/home/johann/.m2/repository/org/apache/tomcat/embed/tomcat-embed-el/10.1.19/tomcat-embed-el-10.1.19.jar:/home/johann/.m2/repository/org/springframework/boot/spring-boot-starter-security/3.2.3/spring-boot-starter-security-3.2.3.jar:/home/johann/.m2/repository/org/springframework/spring-aop/6.1.4/spring-aop-6.1.4.jar:/home/johann/.m2/repository/org/springframework/security/spring-security-config/6.2.2/spring-security-config-6.2.2.jar:/home/johann/.m2/repository/org/springframework/security/spring-security-web/6.2.2/spring-security-web-6.2.2.jar:/home/johann/.m2/repository/org/springframework/boot/spring-boot-starter-aop/3.2.3/spring-boot-starter-aop-3.2.3.jar:/home/johann/.m2/repository/org/aspectj/aspectjweaver/1.9.21/aspectjweaver-1.9.21.jar:/home/johann/.m2/repository/org/springframework/boot/spring-boot-starter-tomcat/3.2.3/spring-boot-starter-tomcat-3.2.3.jar:/home/johann/.m2/repository/jakarta/annotation/jakarta.annotation-api/2.1.1/jakarta.annotation-api-2.1.1.jar:/home/johann/.m2/repository/org/apache/tomcat/embed/tomcat-embed-core/10.1.19/tomcat-embed-core-10.1.19.jar:/home/johann/.m2/repository/org/apache/tomcat/embed/tomcat-embed-websocket/10.1.19/tomcat-embed-websocket-10.1.19.jar:/home/johann/.m2/repository/org/apache/tomcat/embed/tomcat-embed-jasper/10.1.19/tomcat-embed-jasper-10.1.19.jar:/home/johann/.m2/repository/org/eclipse/jdt/ecj/3.33.0/ecj-3.33.0.jar:/home/johann/.m2/repository/jakarta/servlet/jsp/jstl/jakarta.servlet.jsp.jstl-api/3.0.0/jakarta.servlet.jsp.jstl-api-3.0.0.jar:/home/johann/.m2/repository/jakarta/servlet/jakarta.servlet-api/6.0.0/jakarta.servlet-api-6.0.0.jar:/home/johann/.m2/repository/jakarta/el/jakarta.el-api/5.0.0/jakarta.el-api-5.0.0.jar:/home/johann/.m2/repository/org/glassfish/web/jakarta.servlet.jsp.jstl/3.0.1/jakarta.servlet.jsp.jstl-3.0.1.jar:/home/johann/.m2/repository/org/aspectj/aspectjrt/1.9.7/aspectjrt-1.9.7.jar:/home/johann/.m2/repository/jakarta/inject/jakarta.inject-api/2.0.1/jakarta.inject-api-2.0.1.jar:/home/johann/.m2/repository/com/rometools/rome/2.1.0/rome-2.1.0.jar:/home/johann/.m2/repository/com/rometools/rome-utils/2.1.0/rome-utils-2.1.0.jar:/home/johann/.m2/repository/org/jdom/jdom2/2.0.6.1/jdom2-2.0.6.1.jar:/home/johann/.m2/repository/org/slf4j/slf4j-api/2.0.12/slf4j-api-2.0.12.jar:/home/johann/.m2/repository/org/hibernate/validator/hibernate-validator/8.0.1.Final/hibernate-validator-8.0.1.Final.jar:/home/johann/.m2/repository/jakarta/validation/jakarta.validation-api/3.0.2/jakarta.validation-api-3.0.2.jar:/home/johann/.m2/repository/org/jboss/logging/jboss-logging/3.5.3.Final/jboss-logging-3.5.3.Final.jar:/home/johann/.m2/repository/com/fasterxml/classmate/1.6.0/classmate-1.6.0.jar:/home/johann/.m2/repository/com/fasterxml/jackson/dataformat/jackson-dataformat-xml/2.15.4/jackson-dataformat-xml-2.15.4.jar:/home/johann/.m2/repository/com/fasterxml/jackson/core/jackson-core/2.15.4/jackson-core-2.15.4.jar:/home/johann/.m2/repository/com/fasterxml/jackson/core/jackson-annotations/2.15.4/jackson-annotations-2.15.4.jar:/home/johann/.m2/repository/com/fasterxml/jackson/core/jackson-databind/2.15.4/jackson-databind-2.15.4.jar:/home/johann/.m2/repository/org/codehaus/woodstox/stax2-api/4.2.1/stax2-api-4.2.1.jar:/home/johann/.m2/repository/com/fasterxml/woodstox/woodstox-core/6.5.1/woodstox-core-6.5.1.jar:/home/johann/.m2/repository/joda-time/joda-time/2.12.5/joda-time-2.12.5.jar:/home/johann/.m2/repository/commons-fileupload/commons-fileupload/1.5/commons-fileupload-1.5.jar:/home/johann/.m2/repository/commons-io/commons-io/2.15.1/commons-io-2.15.1.jar:/home/johann/.m2/repository/org/springframework/spring-core/6.1.4/spring-core-6.1.4.jar:/home/johann/.m2/repository/org/springframework/spring-jcl/6.1.4/spring-jcl-6.1.4.jar:/home/johann/.m2/repository/org/springframework/security/spring-security-core/6.2.2/spring-security-core-6.2.2.jar:/home/johann/.m2/repository/org/springframework/security/spring-security-crypto/6.2.2/spring-security-crypto-6.2.2.jar:/home/johann/.m2/repository/org/aspectj/aspectjtools/1.9.7/aspectjtools-1.9.7.jar:/home/johann/.m2/repository/org/springframework/boot/spring-boot-devtools/3.2.3/spring-boot-devtools-3.2.3.jar:/home/johann/.m2/repository/org/springframework/boot/spring-boot/3.2.3/spring-boot-3.2.3.jar:/home/johann/.m2/repository/org/springframework/boot/spring-boot-autoconfigure/3.2.3/spring-boot-autoconfigure-3.2.3.jar:/home/johann/.m2/repository/jakarta/xml/bind/jakarta.xml.bind-api/4.0.1/jakarta.xml.bind-api-4.0.1.jar:/home/johann/.m2/repository/jakarta/activation/jakarta.activation-api/2.1.2/jakarta.activation-api-2.1.2.jar:/home/johann/.m2/repository/org/glassfish/jaxb/jaxb-runtime/4.0.4/jaxb-runtime-4.0.4.jar:/home/johann/.m2/repository/org/glassfish/jaxb/jaxb-core/4.0.4/jaxb-core-4.0.4.jar:/home/johann/.m2/repository/org/glassfish/jaxb/txw2/4.0.4/txw2-4.0.4.jar:/home/johann/.m2/repository/com/sun/istack/istack-commons-runtime/4.1.2/istack-commons-runtime-4.1.2.jar:/home/johann/.m2/repository/org/springframework/spring-oxm/6.1.4/spring-oxm-6.1.4.jar:/home/johann/.m2/repository/org/springframework/spring-beans/6.1.4/spring-beans-6.1.4.jar:/home/johann/.m2/repository/org/springframework/boot/spring-boot-starter-test/3.2.3/spring-boot-starter-test-3.2.3.jar:/home/johann/.m2/repository/org/springframework/security/spring-security-test/6.2.2/spring-security-test-6.2.2.jar:/home/johann/.m2/repository/org/xmlunit/xmlunit-matchers/2.9.1/xmlunit-matchers-2.9.1.jar:/home/johann/.m2/repository/junit/junit/4.13.2/junit-4.13.2.jar:/home/johann/.m2/repository/org/junit/vintage/junit-vintage-engine/5.10.2/junit-vintage-engine-5.10.2.jar:/home/johann/.m2/repository/org/junit/jupiter/junit-jupiter/5.10.2/junit-jupiter-5.10.2.jar:/home/johann/.m2/repository/org/hamcrest/hamcrest/2.2/hamcrest-2.2.jar:/home/johann/.m2/repository/org/mockito/mockito-core/5.7.0/mockito-core-5.7.0.jar:/data/src/ml/migrator/spring-mvc-showcase-spring-boot/target/classes
-d
/data/src/ml/migrator/spring-mvc-showcase-spring-boot/target/classes
-s
/data/src/ml/migrator/spring-mvc-showcase-spring-boot/target/generated-sources/aspectj-maven-plugin
/data/src/ml/migrator/spring-mvc-showcase-spring-boot/src/main/java/org/springframework/samples/config/WebMvcConfig.java
/data/src/ml/migrator/spring-mvc-showcase-spring-boot/src/main/java/org/springframework/samples/mvc/async/TimeoutCallableProcessingInterceptor.java
/data/src/ml/migrator/spring-mvc-showcase-spring-boot/src/main/java/org/springframework/samples/mvc/async/DeferredResultController.java
/data/src/ml/migrator/spring-mvc-showcase-spring-boot/src/main/java/org/springframework/samples/mvc/async/CallableController.java
/data/src/ml/migrator/spring-mvc-showcase-spring-boot/src/main/java/org/springframework/samples/mvc/mapping/MappingController.java
/data/src/ml/migrator/spring-mvc-showcase-spring-boot/src/main/java/org/springframework/samples/mvc/mapping/ClasslevelMappingController.java
/data/src/ml/migrator/spring-mvc-showcase-spring-boot/src/main/java/org/springframework/samples/mvc/mapping/JavaBean.java
/data/src/ml/migrator/spring-mvc-showcase-spring-boot/src/main/java/org/springframework/samples/mvc/messageconverters/JavaBean.java
/data/src/ml/migrator/spring-mvc-showcase-spring-boot/src/main/java/org/springframework/samples/mvc/messageconverters/MessageConvertersController.java
/data/src/ml/migrator/spring-mvc-showcase-spring-boot/src/main/java/org/springframework/samples/mvc/fileupload/FileUploadController.java
/data/src/ml/migrator/spring-mvc-showcase-spring-boot/src/main/java/org/springframework/samples/mvc/exceptions/ExceptionController.java
/data/src/ml/migrator/spring-mvc-showcase-spring-boot/src/main/java/org/springframework/samples/mvc/exceptions/GlobalExceptionHandler.java
/data/src/ml/migrator/spring-mvc-showcase-spring-boot/src/main/java/org/springframework/samples/mvc/exceptions/BusinessException.java
/data/src/ml/migrator/spring-mvc-showcase-spring-boot/src/main/java/org/springframework/samples/mvc/redirect/RedirectController.java
/data/src/ml/migrator/spring-mvc-showcase-spring-boot/src/main/java/org/springframework/samples/mvc/data/standard/StandardArgumentsController.java
/data/src/ml/migrator/spring-mvc-showcase-spring-boot/src/main/java/org/springframework/samples/mvc/data/RequestDataController.java
/data/src/ml/migrator/spring-mvc-showcase-spring-boot/src/main/java/org/springframework/samples/mvc/data/custom/RequestAttribute.java
/data/src/ml/migrator/spring-mvc-showcase-spring-boot/src/main/java/org/springframework/samples/mvc/data/custom/CustomArgumentController.java
/data/src/ml/migrator/spring-mvc-showcase-spring-boot/src/main/java/org/springframework/samples/mvc/data/custom/CustomArgumentResolver.java
/data/src/ml/migrator/spring-mvc-showcase-spring-boot/src/main/java/org/springframework/samples/mvc/simple/SimpleController.java
/data/src/ml/migrator/spring-mvc-showcase-spring-boot/src/main/java/org/springframework/samples/mvc/simple/SimpleControllerRevisited.java
/data/src/ml/migrator/spring-mvc-showcase-spring-boot/src/main/java/org/springframework/samples/mvc/form/FormBean.java
/data/src/ml/migrator/spring-mvc-showcase-spring-boot/src/main/java/org/springframework/samples/mvc/form/InquiryType.java
/data/src/ml/migrator/spring-mvc-showcase-spring-boot/src/main/java/org/springframework/samples/mvc/form/FormController.java
/data/src/ml/migrator/spring-mvc-showcase-spring-boot/src/main/java/org/springframework/samples/mvc/views/ViewsController.java
/data/src/ml/migrator/spring-mvc-showcase-spring-boot/src/main/java/org/springframework/samples/mvc/views/JavaBean.java
/data/src/ml/migrator/spring-mvc-showcase-spring-boot/src/main/java/org/springframework/samples/mvc/response/ResponseController.java
/data/src/ml/migrator/spring-mvc-showcase-spring-boot/src/main/java/org/springframework/samples/mvc/convert/NestedBean.java
/data/src/ml/migrator/spring-mvc-showcase-spring-boot/src/main/java/org/springframework/samples/mvc/convert/SocialSecurityNumber.java
/data/src/ml/migrator/spring-mvc-showcase-spring-boot/src/main/java/org/springframework/samples/mvc/convert/JavaBean.java
/data/src/ml/migrator/spring-mvc-showcase-spring-boot/src/main/java/org/springframework/samples/mvc/convert/ConvertController.java
/data/src/ml/migrator/spring-mvc-showcase-spring-boot/src/main/java/org/springframework/samples/mvc/convert/MaskFormatAnnotationFormatterFactory.java
/data/src/ml/migrator/spring-mvc-showcase-spring-boot/src/main/java/org/springframework/samples/mvc/convert/MaskFormat.java
/data/src/ml/migrator/spring-mvc-showcase-spring-boot/src/main/java/org/springframework/samples/mvc/validation/JavaBean.java
/data/src/ml/migrator/spring-mvc-showcase-spring-boot/src/main/java/org/springframework/samples/mvc/validation/ValidationController.java
/data/src/ml/migrator/spring-mvc-showcase-spring-boot/src/main/java/org/springframework/samples/controller/HomeController.java
/data/src/ml/migrator/spring-mvc-showcase-spring-boot/src/main/java/org/springframework/samples/Application.java
/data/src/ml/migrator/spring-mvc-showcase-spring-boot/src/main/java/org/springframework/mvc/extensions/ajax/AjaxUtils.java
/data/src/ml/migrator/spring-mvc-showcase-spring-boot/src/main/java/org/springframework/oxm/jaxb/JavaBean.java
